<?xml version="1.0" encoding="UTF-8"?>
<!-- Generated by org.testng.reporters.JUnitReportReporter -->
<testsuite name="com.appium.testCase.testing" tests="1" time="0.011" ignored="0" failures="0" timestamp="22 Sep 2017 13:07:40 GMT" skipped="0" hostname="User-PC" errors="0">
  <testcase name="f" time="0.011" classname="com.appium.testCase.testing"/>
</testsuite> <!-- com.appium.testCase.testing -->
