<?xml version="1.0" encoding="UTF-8"?>
<!-- Generated by org.testng.reporters.JUnitReportReporter -->
<testsuite name="com.appium.testCase.testing" tests="1" time="83.321" ignored="0" failures="0" timestamp="15 Sep 2017 15:08:50 GMT" skipped="0" hostname="User-PC" errors="0">
  <testcase name="f" time="83.321" classname="com.appium.testCase.testing"/>
</testsuite> <!-- com.appium.testCase.testing -->
